e:\visual_workspace\test1\algo\debug\vc141.pdb
e:\visual_workspace\test1\algo\debug\vc141.idb
e:\visual_workspace\test1\algo\debug\zhuzi.obj
e:\visual_workspace\test1\algo\debug\rank.obj
e:\visual_workspace\test1\algo\debug\jimu.obj
e:\visual_workspace\test1\algo\debug\putao.obj
e:\visual_workspace\test1\algo\debug\algo_two.obj
e:\visual_workspace\test1\algo\debug\algo_one.obj
e:\visual_workspace\test1\algo\debug\algomain.obj
e:\visual_workspace\test1\algo\debug\money_change.obj
e:\visual_workspace\test1\debug\algo.pdb
e:\visual_workspace\test1\algo\debug\algo.tlog\cl.command.1.tlog
e:\visual_workspace\test1\algo\debug\algo.tlog\cl.read.1.tlog
e:\visual_workspace\test1\algo\debug\algo.tlog\cl.write.1.tlog
e:\visual_workspace\test1\algo\debug\algo.tlog\link-cvtres.read.1.tlog
e:\visual_workspace\test1\algo\debug\algo.tlog\link-cvtres.write.1.tlog
e:\visual_workspace\test1\algo\debug\algo.tlog\link-rc.read.1.tlog
e:\visual_workspace\test1\algo\debug\algo.tlog\link-rc.write.1.tlog
e:\visual_workspace\test1\algo\debug\algo.tlog\link.17204-cvtres.read.1.tlog
e:\visual_workspace\test1\algo\debug\algo.tlog\link.17204-cvtres.write.1.tlog
e:\visual_workspace\test1\algo\debug\algo.tlog\link.17204-rc.read.1.tlog
e:\visual_workspace\test1\algo\debug\algo.tlog\link.17204-rc.write.1.tlog
e:\visual_workspace\test1\algo\debug\algo.tlog\link.17204.read.1.tlog
e:\visual_workspace\test1\algo\debug\algo.tlog\link.17204.write.1.tlog
e:\visual_workspace\test1\algo\debug\algo.tlog\link.command.1.tlog
e:\visual_workspace\test1\algo\debug\algo.tlog\link.read.1.tlog
e:\visual_workspace\test1\algo\debug\algo.tlog\link.write.1.tlog
